12/04/2013 23:12:06 (Std) 	+-+-+-+-+-+-+-+-+-+-+-+-+-+-+-+-+-+-+-+-+-+-+-+-+-+-+-+-+-+-+-+-+-+-+-+-+-+-+-+
12/04/2013 23:12:06 (Std) 	+                     Crazy Eddie's GUI System - Event log                    +
12/04/2013 23:12:06 (Std) 	+                          (http://www.cegui.org.uk/)                         +
12/04/2013 23:12:06 (Std) 	+-+-+-+-+-+-+-+-+-+-+-+-+-+-+-+-+-+-+-+-+-+-+-+-+-+-+-+-+-+-+-+-+-+-+-+-+-+-+-+

12/04/2013 23:12:06 (Std) 	CEGUI::Logger singleton created. (01FF67D0)
12/04/2013 23:12:07 (Std) 	
12/04/2013 23:12:07 (Std) 	********************************************************************************
12/04/2013 23:12:07 (Std) 	* Important:                                                                   *
12/04/2013 23:12:07 (Std) 	*     To get support at the CEGUI forums, you must post _at least_ the section *
12/04/2013 23:12:07 (Std) 	*     of this log file indicated below.  Failure to do this will result in no  *
12/04/2013 23:12:07 (Std) 	*     support being given; please do not waste our time.                       *
12/04/2013 23:12:07 (Std) 	********************************************************************************
12/04/2013 23:12:07 (Std) 	********************************************************************************
12/04/2013 23:12:07 (Std) 	* -------- START OF ESSENTIAL SECTION TO BE POSTED ON THE FORUM       -------- *
12/04/2013 23:12:07 (Std) 	********************************************************************************
12/04/2013 23:12:07 (Std) 	---- Version 0.7.9 (Build: Apr 12 2013 Microsoft Windows MSVC++ 10.0 32 bit) ----
12/04/2013 23:12:07 (Std) 	---- Renderer module is: CEGUI::OgreRenderer - Official OGRE based 2nd generation renderer module. ----
12/04/2013 23:12:07 (Std) 	---- XML Parser module is: CEGUI::ExpatParser - Official expat based parser module for CEGUI ----
12/04/2013 23:12:07 (Std) 	---- Image Codec module is: OgreImageCodec - Integrated ImageCodec using the Ogre engine. ----
12/04/2013 23:12:07 (Std) 	---- Scripting module is: None ----
12/04/2013 23:12:07 (Std) 	********************************************************************************
12/04/2013 23:12:07 (Std) 	* -------- END OF ESSENTIAL SECTION TO BE POSTED ON THE FORUM         -------- *
12/04/2013 23:12:07 (Std) 	********************************************************************************
12/04/2013 23:12:07 (Std) 	
12/04/2013 23:12:07 (Std) 	---- Begining CEGUI System initialisation ----
12/04/2013 23:12:07 (Std) 	CEGUI::ImagesetManager singleton created (01FF66E0)
12/04/2013 23:12:07 (Std) 	CEGUI::FontManager singleton created. (01FFBAF0)
12/04/2013 23:12:07 (Std) 	CEGUI::WindowFactoryManager singleton created
12/04/2013 23:12:07 (Std) 	CEGUI::WindowManager singleton created (05EB6660)
12/04/2013 23:12:07 (Std) 	CEGUI::SchemeManager singleton created. (05EEBC30)
12/04/2013 23:12:07 (Std) 	CEGUI::MouseCursor singleton created. (05EB81F8)
12/04/2013 23:12:07 (Std) 	CEGUI::GlobalEventSet singleton created. (05EB8278)
12/04/2013 23:12:07 (Std) 	CEGUI::AnimationManager singleton created (05EB9C58)
12/04/2013 23:12:07 (Std) 	CEGUI::WidgetLookManager singleton created. (05F04798)
12/04/2013 23:12:07 (Std) 	CEGUI::WindowRendererManager singleton created (02003980)
12/04/2013 23:12:07 (Std) 	CEGUI::RenderEffectManager singleton created (05EB8658)
12/04/2013 23:12:07 (Std) 	Created WindowFactory for 'DefaultWindow' windows.
12/04/2013 23:12:07 (Std) 	WindowFactory for 'DefaultWindow' windows added. (01FFD530)
12/04/2013 23:12:07 (Std) 	Created WindowFactory for 'DragContainer' windows.
12/04/2013 23:12:07 (Std) 	WindowFactory for 'DragContainer' windows added. (05EEC8D8)
12/04/2013 23:12:07 (Std) 	Created WindowFactory for 'ScrolledContainer' windows.
12/04/2013 23:12:07 (Std) 	WindowFactory for 'ScrolledContainer' windows added. (05EECAA8)
12/04/2013 23:12:07 (Std) 	Created WindowFactory for 'ClippedContainer' windows.
12/04/2013 23:12:07 (Std) 	WindowFactory for 'ClippedContainer' windows added. (05EECC88)
12/04/2013 23:12:07 (Std) 	Created WindowFactory for 'CEGUI/Checkbox' windows.
12/04/2013 23:12:07 (Std) 	WindowFactory for 'CEGUI/Checkbox' windows added. (05EECD40)
12/04/2013 23:12:07 (Std) 	Created WindowFactory for 'CEGUI/PushButton' windows.
12/04/2013 23:12:07 (Std) 	WindowFactory for 'CEGUI/PushButton' windows added. (05EECEC0)
12/04/2013 23:12:07 (Std) 	Created WindowFactory for 'CEGUI/RadioButton' windows.
12/04/2013 23:12:07 (Std) 	WindowFactory for 'CEGUI/RadioButton' windows added. (05EED040)
12/04/2013 23:12:07 (Std) 	Created WindowFactory for 'CEGUI/Combobox' windows.
12/04/2013 23:12:07 (Std) 	WindowFactory for 'CEGUI/Combobox' windows added. (05EED1C0)
12/04/2013 23:12:07 (Std) 	Created WindowFactory for 'CEGUI/ComboDropList' windows.
12/04/2013 23:12:07 (Std) 	WindowFactory for 'CEGUI/ComboDropList' windows added. (05EED340)
12/04/2013 23:12:07 (Std) 	Created WindowFactory for 'CEGUI/Editbox' windows.
12/04/2013 23:12:07 (Std) 	WindowFactory for 'CEGUI/Editbox' windows added. (05EED4C0)
12/04/2013 23:12:07 (Std) 	Created WindowFactory for 'CEGUI/FrameWindow' windows.
12/04/2013 23:12:07 (Std) 	WindowFactory for 'CEGUI/FrameWindow' windows added. (05EED640)
12/04/2013 23:12:07 (Std) 	Created WindowFactory for 'CEGUI/ItemEntry' windows.
12/04/2013 23:12:07 (Std) 	WindowFactory for 'CEGUI/ItemEntry' windows added. (05F05498)
12/04/2013 23:12:07 (Std) 	Created WindowFactory for 'CEGUI/Listbox' windows.
12/04/2013 23:12:07 (Std) 	WindowFactory for 'CEGUI/Listbox' windows added. (05F05618)
12/04/2013 23:12:07 (Std) 	Created WindowFactory for 'CEGUI/ListHeader' windows.
12/04/2013 23:12:07 (Std) 	WindowFactory for 'CEGUI/ListHeader' windows added. (05F05798)
12/04/2013 23:12:07 (Std) 	Created WindowFactory for 'CEGUI/ListHeaderSegment' windows.
12/04/2013 23:12:07 (Std) 	WindowFactory for 'CEGUI/ListHeaderSegment' windows added. (05F05918)
12/04/2013 23:12:07 (Std) 	Created WindowFactory for 'CEGUI/Menubar' windows.
12/04/2013 23:12:07 (Std) 	WindowFactory for 'CEGUI/Menubar' windows added. (05F05A98)
12/04/2013 23:12:07 (Std) 	Created WindowFactory for 'CEGUI/PopupMenu' windows.
12/04/2013 23:12:07 (Std) 	WindowFactory for 'CEGUI/PopupMenu' windows added. (05F05C18)
12/04/2013 23:12:07 (Std) 	Created WindowFactory for 'CEGUI/MenuItem' windows.
12/04/2013 23:12:07 (Std) 	WindowFactory for 'CEGUI/MenuItem' windows added. (05F05D98)
12/04/2013 23:12:07 (Std) 	Created WindowFactory for 'CEGUI/MultiColumnList' windows.
12/04/2013 23:12:07 (Std) 	WindowFactory for 'CEGUI/MultiColumnList' windows added. (05F05F18)
12/04/2013 23:12:07 (Std) 	Created WindowFactory for 'CEGUI/MultiLineEditbox' windows.
12/04/2013 23:12:07 (Std) 	WindowFactory for 'CEGUI/MultiLineEditbox' windows added. (05F06098)
12/04/2013 23:12:07 (Std) 	Created WindowFactory for 'CEGUI/ProgressBar' windows.
12/04/2013 23:12:07 (Std) 	WindowFactory for 'CEGUI/ProgressBar' windows added. (05F062A0)
12/04/2013 23:12:07 (Std) 	Created WindowFactory for 'CEGUI/ScrollablePane' windows.
12/04/2013 23:12:07 (Std) 	WindowFactory for 'CEGUI/ScrollablePane' windows added. (05F06420)
12/04/2013 23:12:07 (Std) 	Created WindowFactory for 'CEGUI/Scrollbar' windows.
12/04/2013 23:12:07 (Std) 	WindowFactory for 'CEGUI/Scrollbar' windows added. (05F065A0)
12/04/2013 23:12:07 (Std) 	Created WindowFactory for 'CEGUI/Slider' windows.
12/04/2013 23:12:07 (Std) 	WindowFactory for 'CEGUI/Slider' windows added. (05F06720)
12/04/2013 23:12:07 (Std) 	Created WindowFactory for 'CEGUI/Spinner' windows.
12/04/2013 23:12:07 (Std) 	WindowFactory for 'CEGUI/Spinner' windows added. (05F068A0)
12/04/2013 23:12:07 (Std) 	Created WindowFactory for 'CEGUI/TabButton' windows.
12/04/2013 23:12:07 (Std) 	WindowFactory for 'CEGUI/TabButton' windows added. (05F06A20)
12/04/2013 23:12:07 (Std) 	Created WindowFactory for 'CEGUI/TabControl' windows.
12/04/2013 23:12:07 (Std) 	WindowFactory for 'CEGUI/TabControl' windows added. (05F06BA0)
12/04/2013 23:12:07 (Std) 	Created WindowFactory for 'CEGUI/Thumb' windows.
12/04/2013 23:12:07 (Std) 	WindowFactory for 'CEGUI/Thumb' windows added. (05F06D20)
12/04/2013 23:12:07 (Std) 	Created WindowFactory for 'CEGUI/Titlebar' windows.
12/04/2013 23:12:07 (Std) 	WindowFactory for 'CEGUI/Titlebar' windows added. (05F06EA0)
12/04/2013 23:12:07 (Std) 	Created WindowFactory for 'CEGUI/Tooltip' windows.
12/04/2013 23:12:07 (Std) 	WindowFactory for 'CEGUI/Tooltip' windows added. (05F070E0)
12/04/2013 23:12:07 (Std) 	Created WindowFactory for 'CEGUI/ItemListbox' windows.
12/04/2013 23:12:07 (Std) 	WindowFactory for 'CEGUI/ItemListbox' windows added. (05F07260)
12/04/2013 23:12:07 (Std) 	Created WindowFactory for 'CEGUI/GroupBox' windows.
12/04/2013 23:12:07 (Std) 	WindowFactory for 'CEGUI/GroupBox' windows added. (05F073E0)
12/04/2013 23:12:07 (Std) 	Created WindowFactory for 'CEGUI/Tree' windows.
12/04/2013 23:12:07 (Std) 	WindowFactory for 'CEGUI/Tree' windows added. (05F07560)
12/04/2013 23:12:07 (Std) 	Created WindowFactory for 'HorizontalLayoutContainer' windows.
12/04/2013 23:12:07 (Std) 	WindowFactory for 'HorizontalLayoutContainer' windows added. (05F076E0)
12/04/2013 23:12:07 (Std) 	Created WindowFactory for 'VerticalLayoutContainer' windows.
12/04/2013 23:12:07 (Std) 	WindowFactory for 'VerticalLayoutContainer' windows added. (05F07860)
12/04/2013 23:12:07 (Std) 	Created WindowFactory for 'GridLayoutContainer' windows.
12/04/2013 23:12:07 (Std) 	WindowFactory for 'GridLayoutContainer' windows added. (05F079E0)
12/04/2013 23:12:07 (Std) 	Window type alias named 'DefaultGUISheet' added for window type 'DefaultWindow'.
12/04/2013 23:12:07 (Std) 	CEGUI::System singleton created. (05EBDEE8)
12/04/2013 23:12:07 (Std) 	---- CEGUI System initialisation completed ----
12/04/2013 23:12:07 (Std) 	
12/04/2013 23:12:07 (Std) 	Started creation of Scheme from XML specification:
12/04/2013 23:12:07 (Std) 	---- CEGUI GUIScheme name: TaharezLook
12/04/2013 23:12:07 (Std) 	Started creation of Imageset from XML specification:
12/04/2013 23:12:07 (Std) 	---- CEGUI Imageset name: TaharezLook
12/04/2013 23:12:07 (Std) 	---- Source texture file: TaharezLook.tga in resource group: (Default)
12/04/2013 23:12:07 (Std) 	Started creation of Font from XML specification:
12/04/2013 23:12:07 (Std) 	---- CEGUI font name: DejaVuSans-10
12/04/2013 23:12:07 (Std) 	----       Font type: FreeType
12/04/2013 23:12:07 (Std) 	----     Source file: DejaVuSans.ttf in resource group: (Default)
12/04/2013 23:12:07 (Std) 	---- Real point size: 10
12/04/2013 23:12:07 (Std) 	===== Falagard 'root' element: look and feel parsing begins =====
12/04/2013 23:12:07 (Std) 	===== Look and feel parsing completed =====
12/04/2013 23:12:07 (Std) 	No window renderer factories specified for module 'CEGUIFalagardWRBase' - adding all available factories...
12/04/2013 23:12:07 (Std) 	Created WindowRendererFactory for 'Falagard/Button' WindowRenderers.
12/04/2013 23:12:07 (Std) 	WindowRendererFactory 'Falagard/Button' added. (0641D9E0)
12/04/2013 23:12:07 (Std) 	Created WindowRendererFactory for 'Falagard/Default' WindowRenderers.
12/04/2013 23:12:07 (Std) 	WindowRendererFactory 'Falagard/Default' added. (06413ED8)
12/04/2013 23:12:07 (Std) 	Created WindowRendererFactory for 'Falagard/Editbox' WindowRenderers.
12/04/2013 23:12:07 (Std) 	WindowRendererFactory 'Falagard/Editbox' added. (05F32018)
12/04/2013 23:12:07 (Std) 	Created WindowRendererFactory for 'Falagard/FrameWindow' WindowRenderers.
12/04/2013 23:12:07 (Std) 	WindowRendererFactory 'Falagard/FrameWindow' added. (0642BF00)
12/04/2013 23:12:07 (Std) 	Created WindowRendererFactory for 'Falagard/ItemEntry' WindowRenderers.
12/04/2013 23:12:07 (Std) 	WindowRendererFactory 'Falagard/ItemEntry' added. (06422C60)
12/04/2013 23:12:07 (Std) 	Created WindowRendererFactory for 'Falagard/ListHeader' WindowRenderers.
12/04/2013 23:12:07 (Std) 	WindowRendererFactory 'Falagard/ListHeader' added. (05F2B1F0)
12/04/2013 23:12:07 (Std) 	Created WindowRendererFactory for 'Falagard/ListHeaderSegment' WindowRenderers.
12/04/2013 23:12:07 (Std) 	WindowRendererFactory 'Falagard/ListHeaderSegment' added. (05EFCAB0)
12/04/2013 23:12:07 (Std) 	Created WindowRendererFactory for 'Falagard/Listbox' WindowRenderers.
12/04/2013 23:12:07 (Std) 	WindowRendererFactory 'Falagard/Listbox' added. (06406388)
12/04/2013 23:12:07 (Std) 	Created WindowRendererFactory for 'Falagard/Menubar' WindowRenderers.
12/04/2013 23:12:07 (Std) 	WindowRendererFactory 'Falagard/Menubar' added. (06406440)
12/04/2013 23:12:07 (Std) 	Created WindowRendererFactory for 'Falagard/MenuItem' WindowRenderers.
12/04/2013 23:12:07 (Std) 	WindowRendererFactory 'Falagard/MenuItem' added. (063BFF50)
12/04/2013 23:12:07 (Std) 	Created WindowRendererFactory for 'Falagard/MultiColumnList' WindowRenderers.
12/04/2013 23:12:07 (Std) 	WindowRendererFactory 'Falagard/MultiColumnList' added. (05F58140)
12/04/2013 23:12:07 (Std) 	Created WindowRendererFactory for 'Falagard/MultiLineEditbox' WindowRenderers.
12/04/2013 23:12:07 (Std) 	WindowRendererFactory 'Falagard/MultiLineEditbox' added. (063C0008)
12/04/2013 23:12:07 (Std) 	Created WindowRendererFactory for 'Falagard/PopupMenu' WindowRenderers.
12/04/2013 23:12:07 (Std) 	WindowRendererFactory 'Falagard/PopupMenu' added. (0642BAF0)
12/04/2013 23:12:07 (Std) 	Created WindowRendererFactory for 'Falagard/ProgressBar' WindowRenderers.
12/04/2013 23:12:07 (Std) 	WindowRendererFactory 'Falagard/ProgressBar' added. (05F32408)
12/04/2013 23:12:07 (Std) 	Created WindowRendererFactory for 'Falagard/ScrollablePane' WindowRenderers.
12/04/2013 23:12:07 (Std) 	WindowRendererFactory 'Falagard/ScrollablePane' added. (05F32588)
12/04/2013 23:12:07 (Std) 	Created WindowRendererFactory for 'Falagard/Scrollbar' WindowRenderers.
12/04/2013 23:12:07 (Std) 	WindowRendererFactory 'Falagard/Scrollbar' added. (05F32708)
12/04/2013 23:12:07 (Std) 	Created WindowRendererFactory for 'Falagard/Slider' WindowRenderers.
12/04/2013 23:12:07 (Std) 	WindowRendererFactory 'Falagard/Slider' added. (05F32888)
12/04/2013 23:12:07 (Std) 	Created WindowRendererFactory for 'Falagard/Static' WindowRenderers.
12/04/2013 23:12:07 (Std) 	WindowRendererFactory 'Falagard/Static' added. (06423FB0)
12/04/2013 23:12:07 (Std) 	Created WindowRendererFactory for 'Falagard/StaticImage' WindowRenderers.
12/04/2013 23:12:07 (Std) 	WindowRendererFactory 'Falagard/StaticImage' added. (06424130)
12/04/2013 23:12:07 (Std) 	Created WindowRendererFactory for 'Falagard/StaticText' WindowRenderers.
12/04/2013 23:12:07 (Std) 	WindowRendererFactory 'Falagard/StaticText' added. (064242B0)
12/04/2013 23:12:07 (Std) 	Created WindowRendererFactory for 'Falagard/SystemButton' WindowRenderers.
12/04/2013 23:12:07 (Std) 	WindowRendererFactory 'Falagard/SystemButton' added. (06424430)
12/04/2013 23:12:07 (Std) 	Created WindowRendererFactory for 'Falagard/TabButton' WindowRenderers.
12/04/2013 23:12:07 (Std) 	WindowRendererFactory 'Falagard/TabButton' added. (064263D8)
12/04/2013 23:12:07 (Std) 	Created WindowRendererFactory for 'Falagard/TabControl' WindowRenderers.
12/04/2013 23:12:07 (Std) 	WindowRendererFactory 'Falagard/TabControl' added. (06426558)
12/04/2013 23:12:07 (Std) 	Created WindowRendererFactory for 'Falagard/Titlebar' WindowRenderers.
12/04/2013 23:12:07 (Std) 	WindowRendererFactory 'Falagard/Titlebar' added. (064266D8)
12/04/2013 23:12:07 (Std) 	Created WindowRendererFactory for 'Falagard/ToggleButton' WindowRenderers.
12/04/2013 23:12:07 (Std) 	WindowRendererFactory 'Falagard/ToggleButton' added. (06426858)
12/04/2013 23:12:07 (Std) 	Created WindowRendererFactory for 'Falagard/Tooltip' WindowRenderers.
12/04/2013 23:12:07 (Std) 	WindowRendererFactory 'Falagard/Tooltip' added. (064269D8)
12/04/2013 23:12:07 (Std) 	Created WindowRendererFactory for 'Falagard/ItemListbox' WindowRenderers.
12/04/2013 23:12:07 (Std) 	WindowRendererFactory 'Falagard/ItemListbox' added. (05F07CE0)
12/04/2013 23:12:07 (Std) 	Created WindowRendererFactory for 'Falagard/Tree' WindowRenderers.
12/04/2013 23:12:07 (Std) 	WindowRendererFactory 'Falagard/Tree' added. (05F07E60)
12/04/2013 23:12:07 (Std) 	Creating falagard mapping for type 'TaharezLook/Button' using base type 'CEGUI/PushButton', window renderer 'Falagard/Button' Look'N'Feel 'TaharezLook/Button' and RenderEffect ''. (008FD0E8)
12/04/2013 23:12:07 (Std) 	Creating falagard mapping for type 'TaharezLook/Checkbox' using base type 'CEGUI/Checkbox', window renderer 'Falagard/ToggleButton' Look'N'Feel 'TaharezLook/Checkbox' and RenderEffect ''. (008FD0E8)
12/04/2013 23:12:07 (Std) 	Creating falagard mapping for type 'TaharezLook/ImageButton' using base type 'CEGUI/PushButton', window renderer 'Falagard/Button' Look'N'Feel 'TaharezLook/ImageButton' and RenderEffect ''. (008FD0E8)
12/04/2013 23:12:07 (Std) 	Creating falagard mapping for type 'TaharezLook/RadioButton' using base type 'CEGUI/RadioButton', window renderer 'Falagard/ToggleButton' Look'N'Feel 'TaharezLook/RadioButton' and RenderEffect ''. (008FD0E8)
12/04/2013 23:12:07 (Std) 	Creating falagard mapping for type 'TaharezLook/FrameWindow' using base type 'CEGUI/FrameWindow', window renderer 'Falagard/FrameWindow' Look'N'Feel 'TaharezLook/FrameWindow' and RenderEffect ''. (008FD0E8)
12/04/2013 23:12:07 (Std) 	Creating falagard mapping for type 'TaharezLook/Titlebar' using base type 'CEGUI/Titlebar', window renderer 'Falagard/Titlebar' Look'N'Feel 'TaharezLook/Titlebar' and RenderEffect ''. (008FD0E8)
12/04/2013 23:12:07 (Std) 	Creating falagard mapping for type 'TaharezLook/SystemButton' using base type 'CEGUI/PushButton', window renderer 'Falagard/Button' Look'N'Feel 'TaharezLook/Button' and RenderEffect ''. (008FD0E8)
12/04/2013 23:12:07 (Std) 	Creating falagard mapping for type 'TaharezLook/Editbox' using base type 'CEGUI/Editbox', window renderer 'Falagard/Editbox' Look'N'Feel 'TaharezLook/Editbox' and RenderEffect ''. (008FD0E8)
12/04/2013 23:12:07 (Std) 	Creating falagard mapping for type 'TaharezLook/MultiLineEditbox' using base type 'CEGUI/MultiLineEditbox', window renderer 'Falagard/MultiLineEditbox' Look'N'Feel 'TaharezLook/MultiLineEditbox' and RenderEffect ''. (008FD0E8)
12/04/2013 23:12:07 (Std) 	Creating falagard mapping for type 'TaharezLook/Menubar' using base type 'CEGUI/Menubar', window renderer 'Falagard/Menubar' Look'N'Feel 'TaharezLook/Menubar' and RenderEffect ''. (008FD0E8)
12/04/2013 23:12:07 (Std) 	Creating falagard mapping for type 'TaharezLook/PopupMenu' using base type 'CEGUI/PopupMenu', window renderer 'Falagard/PopupMenu' Look'N'Feel 'TaharezLook/PopupMenu' and RenderEffect ''. (008FD0E8)
12/04/2013 23:12:07 (Std) 	Creating falagard mapping for type 'TaharezLook/MenuItem' using base type 'CEGUI/MenuItem', window renderer 'Falagard/MenuItem' Look'N'Feel 'TaharezLook/MenuItem' and RenderEffect ''. (008FD0E8)
12/04/2013 23:12:07 (Std) 	Creating falagard mapping for type 'TaharezLook/AlternateProgressBar' using base type 'CEGUI/ProgressBar', window renderer 'Falagard/ProgressBar' Look'N'Feel 'TaharezLook/AltProgressBar' and RenderEffect ''. (008FD0E8)
12/04/2013 23:12:07 (Std) 	Creating falagard mapping for type 'TaharezLook/ProgressBar' using base type 'CEGUI/ProgressBar', window renderer 'Falagard/ProgressBar' Look'N'Feel 'TaharezLook/ProgressBar' and RenderEffect ''. (008FD0E8)
12/04/2013 23:12:07 (Std) 	Creating falagard mapping for type 'TaharezLook/VUMeter' using base type 'CEGUI/ProgressBar', window renderer 'Falagard/ProgressBar' Look'N'Feel 'TaharezLook/VUMeter' and RenderEffect ''. (008FD0E8)
12/04/2013 23:12:07 (Std) 	Creating falagard mapping for type 'TaharezLook/VerticalScrollbar' using base type 'CEGUI/Scrollbar', window renderer 'Falagard/Scrollbar' Look'N'Feel 'TaharezLook/VerticalScrollbar' and RenderEffect ''. (008FD0E8)
12/04/2013 23:12:07 (Std) 	Creating falagard mapping for type 'TaharezLook/HorizontalScrollbar' using base type 'CEGUI/Scrollbar', window renderer 'Falagard/Scrollbar' Look'N'Feel 'TaharezLook/HorizontalScrollbar' and RenderEffect ''. (008FD0E8)
12/04/2013 23:12:07 (Std) 	Creating falagard mapping for type 'TaharezLook/VerticalScrollbarThumb' using base type 'CEGUI/Thumb', window renderer 'Falagard/Button' Look'N'Feel 'TaharezLook/VerticalScrollbarThumb' and RenderEffect ''. (008FD0E8)
12/04/2013 23:12:07 (Std) 	Creating falagard mapping for type 'TaharezLook/HorizontalScrollbarThumb' using base type 'CEGUI/Thumb', window renderer 'Falagard/Button' Look'N'Feel 'TaharezLook/HorizontalScrollbarThumb' and RenderEffect ''. (008FD0E8)
12/04/2013 23:12:07 (Std) 	Creating falagard mapping for type 'TaharezLook/LargeVerticalScrollbar' using base type 'CEGUI/Scrollbar', window renderer 'Falagard/Scrollbar' Look'N'Feel 'TaharezLook/LargeVerticalScrollbar' and RenderEffect ''. (008FD0E8)
12/04/2013 23:12:07 (Std) 	Creating falagard mapping for type 'TaharezLook/LargeVerticalScrollbarThumb' using base type 'CEGUI/Thumb', window renderer 'Falagard/Button' Look'N'Feel 'TaharezLook/LargeVerticalScrollbarThumb' and RenderEffect ''. (008FD0E8)
12/04/2013 23:12:07 (Std) 	Creating falagard mapping for type 'TaharezLook/TabButton' using base type 'CEGUI/TabButton', window renderer 'Falagard/TabButton' Look'N'Feel 'TaharezLook/TabButton' and RenderEffect ''. (008FD0E8)
12/04/2013 23:12:07 (Std) 	Creating falagard mapping for type 'TaharezLook/TabControl' using base type 'CEGUI/TabControl', window renderer 'Falagard/TabControl' Look'N'Feel 'TaharezLook/TabControl' and RenderEffect ''. (008FD0E8)
12/04/2013 23:12:07 (Std) 	Creating falagard mapping for type 'TaharezLook/TabContentPane' using base type 'DefaultWindow', window renderer 'Falagard/Default' Look'N'Feel 'TaharezLook/TabContentPane' and RenderEffect ''. (008FD0E8)
12/04/2013 23:12:07 (Std) 	Creating falagard mapping for type 'TaharezLook/TabButtonPane' using base type 'DefaultWindow', window renderer 'Falagard/Default' Look'N'Feel 'TaharezLook/TabButtonPane' and RenderEffect ''. (008FD0E8)
12/04/2013 23:12:07 (Std) 	Creating falagard mapping for type 'TaharezLook/ComboDropList' using base type 'CEGUI/ComboDropList', window renderer 'Falagard/Listbox' Look'N'Feel 'TaharezLook/ComboDropList' and RenderEffect ''. (008FD0E8)
12/04/2013 23:12:07 (Std) 	Creating falagard mapping for type 'TaharezLook/ComboEditbox' using base type 'CEGUI/Editbox', window renderer 'Falagard/Editbox' Look'N'Feel 'TaharezLook/ComboEditbox' and RenderEffect ''. (008FD0E8)
12/04/2013 23:12:07 (Std) 	Creating falagard mapping for type 'TaharezLook/Combobox' using base type 'CEGUI/Combobox', window renderer 'Falagard/Default' Look'N'Feel 'TaharezLook/Combobox' and RenderEffect ''. (008FD0E8)
12/04/2013 23:12:07 (Std) 	Creating falagard mapping for type 'TaharezLook/Listbox' using base type 'CEGUI/Listbox', window renderer 'Falagard/Listbox' Look'N'Feel 'TaharezLook/Listbox' and RenderEffect ''. (008FD0E8)
12/04/2013 23:12:07 (Std) 	Creating falagard mapping for type 'TaharezLook/ListHeader' using base type 'CEGUI/ListHeader', window renderer 'Falagard/ListHeader' Look'N'Feel 'TaharezLook/ListHeader' and RenderEffect ''. (008FD0E8)
12/04/2013 23:12:07 (Std) 	Creating falagard mapping for type 'TaharezLook/ListHeaderSegment' using base type 'CEGUI/ListHeaderSegment', window renderer 'Falagard/ListHeaderSegment' Look'N'Feel 'TaharezLook/ListHeaderSegment' and RenderEffect ''. (008FD0E8)
12/04/2013 23:12:07 (Std) 	Creating falagard mapping for type 'TaharezLook/MultiColumnList' using base type 'CEGUI/MultiColumnList', window renderer 'Falagard/MultiColumnList' Look'N'Feel 'TaharezLook/MultiColumnList' and RenderEffect ''. (008FD0E8)
12/04/2013 23:12:07 (Std) 	Creating falagard mapping for type 'TaharezLook/Slider' using base type 'CEGUI/Slider', window renderer 'Falagard/Slider' Look'N'Feel 'TaharezLook/Slider' and RenderEffect ''. (008FD0E8)
12/04/2013 23:12:07 (Std) 	Creating falagard mapping for type 'TaharezLook/SliderThumb' using base type 'CEGUI/Thumb', window renderer 'Falagard/Button' Look'N'Feel 'TaharezLook/SliderThumb' and RenderEffect ''. (008FD0E8)
12/04/2013 23:12:07 (Std) 	Creating falagard mapping for type 'TaharezLook/ScrollablePane' using base type 'CEGUI/ScrollablePane', window renderer 'Falagard/ScrollablePane' Look'N'Feel 'TaharezLook/ScrollablePane' and RenderEffect ''. (008FD0E8)
12/04/2013 23:12:07 (Std) 	Creating falagard mapping for type 'TaharezLook/Spinner' using base type 'CEGUI/Spinner', window renderer 'Falagard/Default' Look'N'Feel 'TaharezLook/Spinner' and RenderEffect ''. (008FD0E8)
12/04/2013 23:12:07 (Std) 	Creating falagard mapping for type 'TaharezLook/Tooltip' using base type 'CEGUI/Tooltip', window renderer 'Falagard/Tooltip' Look'N'Feel 'TaharezLook/Tooltip' and RenderEffect ''. (008FD0E8)
12/04/2013 23:12:07 (Std) 	Creating falagard mapping for type 'TaharezLook/StaticImage' using base type 'DefaultWindow', window renderer 'Falagard/StaticImage' Look'N'Feel 'TaharezLook/StaticImage' and RenderEffect ''. (008FD0E8)
12/04/2013 23:12:07 (Std) 	Creating falagard mapping for type 'TaharezLook/StaticText' using base type 'DefaultWindow', window renderer 'Falagard/StaticText' Look'N'Feel 'TaharezLook/StaticText' and RenderEffect ''. (008FD0E8)
12/04/2013 23:12:07 (Std) 	Creating falagard mapping for type 'TaharezLook/ItemListbox' using base type 'CEGUI/ItemListbox', window renderer 'Falagard/ItemListbox' Look'N'Feel 'TaharezLook/ItemListbox' and RenderEffect ''. (008FD0E8)
12/04/2013 23:12:07 (Std) 	Creating falagard mapping for type 'TaharezLook/ListboxItem' using base type 'CEGUI/ItemEntry', window renderer 'Falagard/ItemEntry' Look'N'Feel 'TaharezLook/ListboxItem' and RenderEffect ''. (008FD0E8)
12/04/2013 23:12:07 (Std) 	Creating falagard mapping for type 'TaharezLook/GroupBox' using base type 'CEGUI/GroupBox', window renderer 'Falagard/Default' Look'N'Feel 'TaharezLook/GroupBox' and RenderEffect ''. (008FD0E8)
12/04/2013 23:12:07 (Std) 	Creating falagard mapping for type 'TaharezLook/Tree' using base type 'CEGUI/Tree', window renderer 'Falagard/Tree' Look'N'Feel 'TaharezLook/Tree' and RenderEffect ''. (008FD0E8)
12/04/2013 23:12:07 (Std) 	Attempting to create Imageset 'RTTImageset' with texture only.
12/04/2013 23:12:08 (Std) 	Attempting to create Imageset 'DejaVuSans-10_auto_glyph_images_ ' with texture only.
12/04/2013 23:14:43 (Std) 	---- Begining CEGUI System destruction ----
12/04/2013 23:14:43 (Std) 	WindowFactory for 'CEGUI/Tree' windows removed. (05F07560)
12/04/2013 23:14:43 (Std) 	Deleted WindowFactory for 'CEGUI/Tree' windows.
12/04/2013 23:14:43 (Std) 	WindowFactory for 'CEGUI/Thumb' windows removed. (05F06D20)
12/04/2013 23:14:43 (Std) 	Deleted WindowFactory for 'CEGUI/Thumb' windows.
12/04/2013 23:14:43 (Std) 	WindowFactory for 'CEGUI/Slider' windows removed. (05F06720)
12/04/2013 23:14:43 (Std) 	Deleted WindowFactory for 'CEGUI/Slider' windows.
12/04/2013 23:14:43 (Std) 	WindowFactory for 'CEGUI/Editbox' windows removed. (05EED4C0)
12/04/2013 23:14:43 (Std) 	Deleted WindowFactory for 'CEGUI/Editbox' windows.
12/04/2013 23:14:43 (Std) 	WindowFactory for 'CEGUI/Listbox' windows removed. (05F05618)
12/04/2013 23:14:43 (Std) 	Deleted WindowFactory for 'CEGUI/Listbox' windows.
12/04/2013 23:14:43 (Std) 	WindowFactory for 'CEGUI/Menubar' windows removed. (05F05A98)
12/04/2013 23:14:43 (Std) 	Deleted WindowFactory for 'CEGUI/Menubar' windows.
12/04/2013 23:14:43 (Std) 	WindowFactory for 'CEGUI/Spinner' windows removed. (05F068A0)
12/04/2013 23:14:43 (Std) 	Deleted WindowFactory for 'CEGUI/Spinner' windows.
12/04/2013 23:14:43 (Std) 	WindowFactory for 'CEGUI/Tooltip' windows removed. (05F070E0)
12/04/2013 23:14:43 (Std) 	Deleted WindowFactory for 'CEGUI/Tooltip' windows.
12/04/2013 23:14:43 (Std) 	WindowFactory for 'DefaultWindow' windows removed. (01FFD530)
12/04/2013 23:14:43 (Std) 	Deleted WindowFactory for 'DefaultWindow' windows.
12/04/2013 23:14:43 (Std) 	WindowFactory for 'DragContainer' windows removed. (05EEC8D8)
12/04/2013 23:14:43 (Std) 	Deleted WindowFactory for 'DragContainer' windows.
12/04/2013 23:14:43 (Std) 	WindowFactory for 'CEGUI/Checkbox' windows removed. (05EECD40)
12/04/2013 23:14:43 (Std) 	Deleted WindowFactory for 'CEGUI/Checkbox' windows.
12/04/2013 23:14:43 (Std) 	WindowFactory for 'CEGUI/Combobox' windows removed. (05EED1C0)
12/04/2013 23:14:43 (Std) 	Deleted WindowFactory for 'CEGUI/Combobox' windows.
12/04/2013 23:14:43 (Std) 	WindowFactory for 'CEGUI/GroupBox' windows removed. (05F073E0)
12/04/2013 23:14:43 (Std) 	Deleted WindowFactory for 'CEGUI/GroupBox' windows.
12/04/2013 23:14:43 (Std) 	WindowFactory for 'CEGUI/MenuItem' windows removed. (05F05D98)
12/04/2013 23:14:43 (Std) 	Deleted WindowFactory for 'CEGUI/MenuItem' windows.
12/04/2013 23:14:43 (Std) 	WindowFactory for 'CEGUI/Titlebar' windows removed. (05F06EA0)
12/04/2013 23:14:43 (Std) 	Deleted WindowFactory for 'CEGUI/Titlebar' windows.
12/04/2013 23:14:43 (Std) 	WindowFactory for 'CEGUI/ItemEntry' windows removed. (05F05498)
12/04/2013 23:14:43 (Std) 	Deleted WindowFactory for 'CEGUI/ItemEntry' windows.
12/04/2013 23:14:43 (Std) 	WindowFactory for 'CEGUI/PopupMenu' windows removed. (05F05C18)
12/04/2013 23:14:43 (Std) 	Deleted WindowFactory for 'CEGUI/PopupMenu' windows.
12/04/2013 23:14:43 (Std) 	WindowFactory for 'CEGUI/Scrollbar' windows removed. (05F065A0)
12/04/2013 23:14:43 (Std) 	Deleted WindowFactory for 'CEGUI/Scrollbar' windows.
12/04/2013 23:14:43 (Std) 	WindowFactory for 'CEGUI/TabButton' windows removed. (05F06A20)
12/04/2013 23:14:43 (Std) 	Deleted WindowFactory for 'CEGUI/TabButton' windows.
12/04/2013 23:14:43 (Std) 	WindowFactory for 'CEGUI/ListHeader' windows removed. (05F05798)
12/04/2013 23:14:43 (Std) 	Deleted WindowFactory for 'CEGUI/ListHeader' windows.
12/04/2013 23:14:43 (Std) 	WindowFactory for 'CEGUI/PushButton' windows removed. (05EECEC0)
12/04/2013 23:14:43 (Std) 	Deleted WindowFactory for 'CEGUI/PushButton' windows.
12/04/2013 23:14:43 (Std) 	WindowFactory for 'CEGUI/TabControl' windows removed. (05F06BA0)
12/04/2013 23:14:43 (Std) 	Deleted WindowFactory for 'CEGUI/TabControl' windows.
12/04/2013 23:14:43 (Std) 	WindowFactory for 'ClippedContainer' windows removed. (05EECC88)
12/04/2013 23:14:43 (Std) 	Deleted WindowFactory for 'ClippedContainer' windows.
12/04/2013 23:14:43 (Std) 	WindowFactory for 'CEGUI/FrameWindow' windows removed. (05EED640)
12/04/2013 23:14:43 (Std) 	Deleted WindowFactory for 'CEGUI/FrameWindow' windows.
12/04/2013 23:14:43 (Std) 	WindowFactory for 'CEGUI/ItemListbox' windows removed. (05F07260)
12/04/2013 23:14:43 (Std) 	Deleted WindowFactory for 'CEGUI/ItemListbox' windows.
12/04/2013 23:14:43 (Std) 	WindowFactory for 'CEGUI/ProgressBar' windows removed. (05F062A0)
12/04/2013 23:14:43 (Std) 	Deleted WindowFactory for 'CEGUI/ProgressBar' windows.
12/04/2013 23:14:43 (Std) 	WindowFactory for 'CEGUI/RadioButton' windows removed. (05EED040)
12/04/2013 23:14:43 (Std) 	Deleted WindowFactory for 'CEGUI/RadioButton' windows.
12/04/2013 23:14:43 (Std) 	WindowFactory for 'ScrolledContainer' windows removed. (05EECAA8)
12/04/2013 23:14:43 (Std) 	Deleted WindowFactory for 'ScrolledContainer' windows.
12/04/2013 23:14:43 (Std) 	WindowFactory for 'CEGUI/ComboDropList' windows removed. (05EED340)
12/04/2013 23:14:43 (Std) 	Deleted WindowFactory for 'CEGUI/ComboDropList' windows.
12/04/2013 23:14:43 (Std) 	WindowFactory for 'GridLayoutContainer' windows removed. (05F079E0)
12/04/2013 23:14:43 (Std) 	Deleted WindowFactory for 'GridLayoutContainer' windows.
12/04/2013 23:14:43 (Std) 	WindowFactory for 'CEGUI/ScrollablePane' windows removed. (05F06420)
12/04/2013 23:14:43 (Std) 	Deleted WindowFactory for 'CEGUI/ScrollablePane' windows.
12/04/2013 23:14:43 (Std) 	WindowFactory for 'CEGUI/MultiColumnList' windows removed. (05F05F18)
12/04/2013 23:14:43 (Std) 	Deleted WindowFactory for 'CEGUI/MultiColumnList' windows.
12/04/2013 23:14:43 (Std) 	WindowFactory for 'CEGUI/MultiLineEditbox' windows removed. (05F06098)
12/04/2013 23:14:43 (Std) 	Deleted WindowFactory for 'CEGUI/MultiLineEditbox' windows.
12/04/2013 23:14:43 (Std) 	WindowFactory for 'CEGUI/ListHeaderSegment' windows removed. (05F05918)
12/04/2013 23:14:43 (Std) 	Deleted WindowFactory for 'CEGUI/ListHeaderSegment' windows.
12/04/2013 23:14:43 (Std) 	WindowFactory for 'VerticalLayoutContainer' windows removed. (05F07860)
12/04/2013 23:14:43 (Std) 	Deleted WindowFactory for 'VerticalLayoutContainer' windows.
12/04/2013 23:14:43 (Std) 	WindowFactory for 'HorizontalLayoutContainer' windows removed. (05F076E0)
12/04/2013 23:14:43 (Std) 	Deleted WindowFactory for 'HorizontalLayoutContainer' windows.
12/04/2013 23:14:43 (Std) 	---- Begining cleanup of GUI Scheme system ----
12/04/2013 23:14:43 (Std) 	WindowRendererFactory for 'Falagard/Button' WindowRenderers removed. (0641D9E0)
12/04/2013 23:14:43 (Std) 	Deleted WindowRendererFactory for 'Falagard/Button' WindowRenderers.
12/04/2013 23:14:43 (Std) 	WindowRendererFactory for 'Falagard/Default' WindowRenderers removed. (06413ED8)
12/04/2013 23:14:43 (Std) 	Deleted WindowRendererFactory for 'Falagard/Default' WindowRenderers.
12/04/2013 23:14:43 (Std) 	WindowRendererFactory for 'Falagard/Editbox' WindowRenderers removed. (05F32018)
12/04/2013 23:14:43 (Std) 	Deleted WindowRendererFactory for 'Falagard/Editbox' WindowRenderers.
12/04/2013 23:14:43 (Std) 	WindowRendererFactory for 'Falagard/FrameWindow' WindowRenderers removed. (0642BF00)
12/04/2013 23:14:43 (Std) 	Deleted WindowRendererFactory for 'Falagard/FrameWindow' WindowRenderers.
12/04/2013 23:14:43 (Std) 	WindowRendererFactory for 'Falagard/ItemEntry' WindowRenderers removed. (06422C60)
12/04/2013 23:14:43 (Std) 	Deleted WindowRendererFactory for 'Falagard/ItemEntry' WindowRenderers.
12/04/2013 23:14:43 (Std) 	WindowRendererFactory for 'Falagard/ListHeader' WindowRenderers removed. (05F2B1F0)
12/04/2013 23:14:43 (Std) 	Deleted WindowRendererFactory for 'Falagard/ListHeader' WindowRenderers.
12/04/2013 23:14:43 (Std) 	WindowRendererFactory for 'Falagard/ListHeaderSegment' WindowRenderers removed. (05EFCAB0)
12/04/2013 23:14:43 (Std) 	Deleted WindowRendererFactory for 'Falagard/ListHeaderSegment' WindowRenderers.
12/04/2013 23:14:43 (Std) 	WindowRendererFactory for 'Falagard/Listbox' WindowRenderers removed. (06406388)
12/04/2013 23:14:43 (Std) 	Deleted WindowRendererFactory for 'Falagard/Listbox' WindowRenderers.
12/04/2013 23:14:43 (Std) 	WindowRendererFactory for 'Falagard/Menubar' WindowRenderers removed. (06406440)
12/04/2013 23:14:43 (Std) 	Deleted WindowRendererFactory for 'Falagard/Menubar' WindowRenderers.
12/04/2013 23:14:43 (Std) 	WindowRendererFactory for 'Falagard/MenuItem' WindowRenderers removed. (063BFF50)
12/04/2013 23:14:43 (Std) 	Deleted WindowRendererFactory for 'Falagard/MenuItem' WindowRenderers.
12/04/2013 23:14:43 (Std) 	WindowRendererFactory for 'Falagard/MultiColumnList' WindowRenderers removed. (05F58140)
12/04/2013 23:14:43 (Std) 	Deleted WindowRendererFactory for 'Falagard/MultiColumnList' WindowRenderers.
12/04/2013 23:14:43 (Std) 	WindowRendererFactory for 'Falagard/MultiLineEditbox' WindowRenderers removed. (063C0008)
12/04/2013 23:14:43 (Std) 	Deleted WindowRendererFactory for 'Falagard/MultiLineEditbox' WindowRenderers.
12/04/2013 23:14:43 (Std) 	WindowRendererFactory for 'Falagard/PopupMenu' WindowRenderers removed. (0642BAF0)
12/04/2013 23:14:43 (Std) 	Deleted WindowRendererFactory for 'Falagard/PopupMenu' WindowRenderers.
12/04/2013 23:14:43 (Std) 	WindowRendererFactory for 'Falagard/ProgressBar' WindowRenderers removed. (05F32408)
12/04/2013 23:14:43 (Std) 	Deleted WindowRendererFactory for 'Falagard/ProgressBar' WindowRenderers.
12/04/2013 23:14:43 (Std) 	WindowRendererFactory for 'Falagard/ScrollablePane' WindowRenderers removed. (05F32588)
12/04/2013 23:14:43 (Std) 	Deleted WindowRendererFactory for 'Falagard/ScrollablePane' WindowRenderers.
12/04/2013 23:14:43 (Std) 	WindowRendererFactory for 'Falagard/Scrollbar' WindowRenderers removed. (05F32708)
12/04/2013 23:14:43 (Std) 	Deleted WindowRendererFactory for 'Falagard/Scrollbar' WindowRenderers.
12/04/2013 23:14:43 (Std) 	WindowRendererFactory for 'Falagard/Slider' WindowRenderers removed. (05F32888)
12/04/2013 23:14:43 (Std) 	Deleted WindowRendererFactory for 'Falagard/Slider' WindowRenderers.
12/04/2013 23:14:43 (Std) 	WindowRendererFactory for 'Falagard/Static' WindowRenderers removed. (06423FB0)
12/04/2013 23:14:43 (Std) 	Deleted WindowRendererFactory for 'Falagard/Static' WindowRenderers.
12/04/2013 23:14:43 (Std) 	WindowRendererFactory for 'Falagard/StaticImage' WindowRenderers removed. (06424130)
12/04/2013 23:14:43 (Std) 	Deleted WindowRendererFactory for 'Falagard/StaticImage' WindowRenderers.
12/04/2013 23:14:43 (Std) 	WindowRendererFactory for 'Falagard/StaticText' WindowRenderers removed. (064242B0)
12/04/2013 23:14:43 (Std) 	Deleted WindowRendererFactory for 'Falagard/StaticText' WindowRenderers.
12/04/2013 23:14:43 (Std) 	WindowRendererFactory for 'Falagard/SystemButton' WindowRenderers removed. (06424430)
12/04/2013 23:14:43 (Std) 	Deleted WindowRendererFactory for 'Falagard/SystemButton' WindowRenderers.
12/04/2013 23:14:43 (Std) 	WindowRendererFactory for 'Falagard/TabButton' WindowRenderers removed. (064263D8)
12/04/2013 23:14:43 (Std) 	Deleted WindowRendererFactory for 'Falagard/TabButton' WindowRenderers.
12/04/2013 23:14:43 (Std) 	WindowRendererFactory for 'Falagard/TabControl' WindowRenderers removed. (06426558)
12/04/2013 23:14:43 (Std) 	Deleted WindowRendererFactory for 'Falagard/TabControl' WindowRenderers.
12/04/2013 23:14:43 (Std) 	WindowRendererFactory for 'Falagard/Titlebar' WindowRenderers removed. (064266D8)
12/04/2013 23:14:43 (Std) 	Deleted WindowRendererFactory for 'Falagard/Titlebar' WindowRenderers.
12/04/2013 23:14:43 (Std) 	WindowRendererFactory for 'Falagard/ToggleButton' WindowRenderers removed. (06426858)
12/04/2013 23:14:43 (Std) 	Deleted WindowRendererFactory for 'Falagard/ToggleButton' WindowRenderers.
12/04/2013 23:14:43 (Std) 	WindowRendererFactory for 'Falagard/Tooltip' WindowRenderers removed. (064269D8)
12/04/2013 23:14:43 (Std) 	Deleted WindowRendererFactory for 'Falagard/Tooltip' WindowRenderers.
12/04/2013 23:14:43 (Std) 	WindowRendererFactory for 'Falagard/ItemListbox' WindowRenderers removed. (05F07CE0)
12/04/2013 23:14:43 (Std) 	Deleted WindowRendererFactory for 'Falagard/ItemListbox' WindowRenderers.
12/04/2013 23:14:43 (Std) 	WindowRendererFactory for 'Falagard/Tree' WindowRenderers removed. (05F07E60)
12/04/2013 23:14:43 (Std) 	Deleted WindowRendererFactory for 'Falagard/Tree' WindowRenderers.
12/04/2013 23:14:43 (Std) 	CEGUI::SchemeManager singleton destroyed. (05EEBC30)
12/04/2013 23:14:43 (Std) 	CEGUI::WindowManager singleton destroyed (05EB6660)
12/04/2013 23:14:43 (Std) 	CEGUI::WindowFactoryManager singleton destroyed
12/04/2013 23:14:43 (Std) 	CEGUI::WidgetLookManager singleton destroyed. (05F04798)
12/04/2013 23:14:43 (Std) 	CEGUI::WindowRendererManager singleton destroyed (02003980)
12/04/2013 23:14:43 (Std) 	CEGUI::AnimationManager singleton destroyed (05EB9C58)
12/04/2013 23:14:43 (Std) 	CEGUI::RenderEffectManager singleton destroyed (05EB8658)
12/04/2013 23:14:43 (Std) 	---- Begining cleanup of Font system ----
12/04/2013 23:14:43 (Std) 	CEGUI::FontManager singleton destroyed. (01FFBAF0)
12/04/2013 23:14:43 (Std) 	CEGUI::MouseCursor singleton destroyed. (05EB81F8)
12/04/2013 23:14:43 (Std) 	---- Begining cleanup of Imageset system ----
12/04/2013 23:14:43 (Std) 	CEGUI::ImagesetManager singleton destroyed (01FF66E0)
12/04/2013 23:14:43 (Std) 	CEGUI::GlobalEventSet singleton destroyed. (05EB8278)
12/04/2013 23:14:43 (Std) 	CEGUI::System singleton destroyed. (05EBDEE8)
12/04/2013 23:14:43 (Std) 	---- CEGUI System destruction completed ----
12/04/2013 23:14:43 (Std) 	CEGUI::Logger singleton destroyed. (01FF67D0)
